<?xml version="1.0"?>
<testsuite name="Chrome 100.0.4896.127 (Windows 10)" package="" timestamp="2022-04-18T16:35:29" id="0" hostname="JAIRO-IBARRA" tests="27" errors="0" failures="8" time="0.482">
  <properties>
    <property name="browser.fullName" value="Mozilla/5.0 (Windows NT 10.0; Win64; x64) AppleWebKit/537.36 (KHTML, like Gecko) Chrome/100.0.4896.127 Safari/537.36"/>
  </properties>
  <testcase name="NavbarComponent should create" time="0.045" classname="NavbarComponent"/>
  <testcase name="CrearClienteComponent should create" time="0.097" classname="CrearClienteComponent">
    <failure type="">NullInjectorError: R3InjectorError(DynamicTestModule)[ClienteService -&gt; ClienteService]: 
  NullInjectorError: No provider for ClienteService!
error properties: Object({ ngTempTokenPath: null, ngTokenPath: [ 'ClienteService', 'ClienteService' ] })
NullInjectorError: R3InjectorError(DynamicTestModule)[ClienteService -&gt; ClienteService]: 
  NullInjectorError: No provider for ClienteService!
    at NullInjector.get (node_modules/@angular/core/__ivy_ngcc__/fesm2015/core.js:11116:1)
    at R3Injector.get (node_modules/@angular/core/__ivy_ngcc__/fesm2015/core.js:11283:1)
    at R3Injector.get (node_modules/@angular/core/__ivy_ngcc__/fesm2015/core.js:11283:1)
    at NgModuleRef$1.get (node_modules/@angular/core/__ivy_ngcc__/fesm2015/core.js:25337:1)
    at Object.get (node_modules/@angular/core/__ivy_ngcc__/fesm2015/core.js:25051:1)
    at lookupTokenUsingModuleInjector (node_modules/@angular/core/__ivy_ngcc__/fesm2015/core.js:3389:1)
    at getOrCreateInjectable (node_modules/@angular/core/__ivy_ngcc__/fesm2015/core.js:3501:1)
    at ɵɵdirectiveInject (node_modules/@angular/core/__ivy_ngcc__/fesm2015/core.js:14707:1)
    at NodeInjectorFactory.CrearClienteComponent_Factory [as factory] (ng:///CrearClienteComponent/ɵfac.js:4:49)
    at getNodeInjectable (node_modules/@angular/core/__ivy_ngcc__/fesm2015/core.js:3596:1)
</failure>
    <failure type="">Error: Expected undefined to be truthy.
    at &lt;Jasmine&gt;
    at UserContext.&lt;anonymous&gt; (src/app/feature/cliente/components/crear-cliente/crear-cliente.component.spec.ts:23:23)
    at _ZoneDelegate.invoke (node_modules/zone.js/dist/zone-evergreen.js:372:1)
    at ProxyZoneSpec.push.QpwO.ProxyZoneSpec.onInvoke (node_modules/zone.js/dist/zone-testing.js:303:1)
</failure>
  </testcase>
  <testcase name="AppComponent should create the app" time="0.012" classname="AppComponent"/>
  <testcase name="AppComponent should have as title 'app-base'" time="0.006" classname="AppComponent"/>
  <testcase name="CrearProductoComponent formulario es invalido cuando esta vacio" time="0.022" classname="CrearProductoComponent"/>
  <testcase name="CrearProductoComponent Registrando producto" time="0.013" classname="CrearProductoComponent"/>
  <testcase name="CrearProductoComponent should create" time="0.01" classname="CrearProductoComponent"/>
  <testcase name="ListarClienteComponent should create" time="0.012" classname="ListarClienteComponent">
    <failure type="">NullInjectorError: R3InjectorError(DynamicTestModule)[ClienteService -&gt; ClienteService]: 
  NullInjectorError: No provider for ClienteService!
error properties: Object({ ngTempTokenPath: null, ngTokenPath: [ 'ClienteService', 'ClienteService' ] })
NullInjectorError: R3InjectorError(DynamicTestModule)[ClienteService -&gt; ClienteService]: 
  NullInjectorError: No provider for ClienteService!
    at NullInjector.get (node_modules/@angular/core/__ivy_ngcc__/fesm2015/core.js:11116:1)
    at R3Injector.get (node_modules/@angular/core/__ivy_ngcc__/fesm2015/core.js:11283:1)
    at R3Injector.get (node_modules/@angular/core/__ivy_ngcc__/fesm2015/core.js:11283:1)
    at NgModuleRef$1.get (node_modules/@angular/core/__ivy_ngcc__/fesm2015/core.js:25337:1)
    at Object.get (node_modules/@angular/core/__ivy_ngcc__/fesm2015/core.js:25051:1)
    at lookupTokenUsingModuleInjector (node_modules/@angular/core/__ivy_ngcc__/fesm2015/core.js:3389:1)
    at getOrCreateInjectable (node_modules/@angular/core/__ivy_ngcc__/fesm2015/core.js:3501:1)
    at ɵɵdirectiveInject (node_modules/@angular/core/__ivy_ngcc__/fesm2015/core.js:14707:1)
    at NodeInjectorFactory.ListarClienteComponent_Factory [as factory] (ng:///ListarClienteComponent/ɵfac.js:4:50)
    at getNodeInjectable (node_modules/@angular/core/__ivy_ngcc__/fesm2015/core.js:3596:1)
</failure>
    <failure type="">Error: Expected undefined to be truthy.
    at &lt;Jasmine&gt;
    at UserContext.&lt;anonymous&gt; (src/app/feature/cliente/components/listar-cliente/listar-cliente.component.spec.ts:23:23)
    at _ZoneDelegate.invoke (node_modules/zone.js/dist/zone-evergreen.js:372:1)
    at ProxyZoneSpec.push.QpwO.ProxyZoneSpec.onInvoke (node_modules/zone.js/dist/zone-testing.js:303:1)
</failure>
  </testcase>
  <testcase name="CompraService should be created" time="0.007" classname="CompraService">
    <failure type="">NullInjectorError: R3InjectorError(CompilerModule)[CompraService -&gt; CompraService]: 
  NullInjectorError: No provider for CompraService!
error properties: Object({ ngTempTokenPath: null, ngTokenPath: [ 'CompraService', 'CompraService' ] })
NullInjectorError: R3InjectorError(CompilerModule)[CompraService -&gt; CompraService]: 
  NullInjectorError: No provider for CompraService!
    at NullInjector.get (node_modules/@angular/core/__ivy_ngcc__/fesm2015/core.js:11116:1)
    at R3Injector.get (node_modules/@angular/core/__ivy_ngcc__/fesm2015/core.js:11283:1)
    at R3Injector.get (node_modules/@angular/core/__ivy_ngcc__/fesm2015/core.js:11283:1)
    at NgModuleRef$1.get (node_modules/@angular/core/__ivy_ngcc__/fesm2015/core.js:25337:1)
    at TestBedRender3.inject (node_modules/@angular/core/__ivy_ngcc__/fesm2015/testing.js:1687:1)
    at Function.inject (node_modules/@angular/core/__ivy_ngcc__/fesm2015/testing.js:1611:1)
    at UserContext.&lt;anonymous&gt; (src/app/feature/compra/shared/service/compra.service.spec.ts:10:23)
    at _ZoneDelegate.invoke (node_modules/zone.js/dist/zone-evergreen.js:372:1)
    at ProxyZoneSpec.push.QpwO.ProxyZoneSpec.onInvoke (node_modules/zone.js/dist/zone-testing.js:303:1)
    at _ZoneDelegate.invoke (node_modules/zone.js/dist/zone-evergreen.js:371:1)
</failure>
    <failure type="">Error: Expected undefined to be truthy.
    at &lt;Jasmine&gt;
    at UserContext.&lt;anonymous&gt; (src/app/feature/compra/shared/service/compra.service.spec.ts:14:21)
    at _ZoneDelegate.invoke (node_modules/zone.js/dist/zone-evergreen.js:372:1)
    at ProxyZoneSpec.push.QpwO.ProxyZoneSpec.onInvoke (node_modules/zone.js/dist/zone-testing.js:303:1)
</failure>
  </testcase>
  <testcase name="ListarCompraComponent should create" time="0.017" classname="ListarCompraComponent">
    <failure type="">NullInjectorError: R3InjectorError(DynamicTestModule)[CompraService -&gt; CompraService]: 
  NullInjectorError: No provider for CompraService!
error properties: Object({ ngTempTokenPath: null, ngTokenPath: [ 'CompraService', 'CompraService' ] })
NullInjectorError: R3InjectorError(DynamicTestModule)[CompraService -&gt; CompraService]: 
  NullInjectorError: No provider for CompraService!
    at NullInjector.get (node_modules/@angular/core/__ivy_ngcc__/fesm2015/core.js:11116:1)
    at R3Injector.get (node_modules/@angular/core/__ivy_ngcc__/fesm2015/core.js:11283:1)
    at R3Injector.get (node_modules/@angular/core/__ivy_ngcc__/fesm2015/core.js:11283:1)
    at NgModuleRef$1.get (node_modules/@angular/core/__ivy_ngcc__/fesm2015/core.js:25337:1)
    at Object.get (node_modules/@angular/core/__ivy_ngcc__/fesm2015/core.js:25051:1)
    at lookupTokenUsingModuleInjector (node_modules/@angular/core/__ivy_ngcc__/fesm2015/core.js:3389:1)
    at getOrCreateInjectable (node_modules/@angular/core/__ivy_ngcc__/fesm2015/core.js:3501:1)
    at ɵɵdirectiveInject (node_modules/@angular/core/__ivy_ngcc__/fesm2015/core.js:14707:1)
    at NodeInjectorFactory.ListarCompraComponent_Factory [as factory] (ng:///ListarCompraComponent/ɵfac.js:4:49)
    at getNodeInjectable (node_modules/@angular/core/__ivy_ngcc__/fesm2015/core.js:3596:1)
</failure>
    <failure type="">Error: Expected undefined to be truthy.
    at &lt;Jasmine&gt;
    at UserContext.&lt;anonymous&gt; (src/app/feature/compra/components/listar-compra/listar-compra.component.spec.ts:23:23)
    at _ZoneDelegate.invoke (node_modules/zone.js/dist/zone-evergreen.js:372:1)
    at ProxyZoneSpec.push.QpwO.ProxyZoneSpec.onInvoke (node_modules/zone.js/dist/zone-testing.js:303:1)
</failure>
  </testcase>
  <testcase name="ProductoComponent should create" time="0.022" classname="ProductoComponent"/>
  <testcase name="BorrarProductoComponent should create" time="0.009" classname="BorrarProductoComponent"/>
  <testcase name="HomeComponent should create" time="0.006" classname="HomeComponent"/>
  <testcase name="BorrarCompraComponent should create" time="0.016" classname="BorrarCompraComponent">
    <failure type="">NullInjectorError: R3InjectorError(DynamicTestModule)[CompraService -&gt; CompraService]: 
  NullInjectorError: No provider for CompraService!
error properties: Object({ ngTempTokenPath: null, ngTokenPath: [ 'CompraService', 'CompraService' ] })
NullInjectorError: R3InjectorError(DynamicTestModule)[CompraService -&gt; CompraService]: 
  NullInjectorError: No provider for CompraService!
    at NullInjector.get (node_modules/@angular/core/__ivy_ngcc__/fesm2015/core.js:11116:1)
    at R3Injector.get (node_modules/@angular/core/__ivy_ngcc__/fesm2015/core.js:11283:1)
    at R3Injector.get (node_modules/@angular/core/__ivy_ngcc__/fesm2015/core.js:11283:1)
    at NgModuleRef$1.get (node_modules/@angular/core/__ivy_ngcc__/fesm2015/core.js:25337:1)
    at Object.get (node_modules/@angular/core/__ivy_ngcc__/fesm2015/core.js:25051:1)
    at lookupTokenUsingModuleInjector (node_modules/@angular/core/__ivy_ngcc__/fesm2015/core.js:3389:1)
    at getOrCreateInjectable (node_modules/@angular/core/__ivy_ngcc__/fesm2015/core.js:3501:1)
    at ɵɵdirectiveInject (node_modules/@angular/core/__ivy_ngcc__/fesm2015/core.js:14707:1)
    at NodeInjectorFactory.BorrarCompraComponent_Factory [as factory] (ng:///BorrarCompraComponent/ɵfac.js:4:49)
    at getNodeInjectable (node_modules/@angular/core/__ivy_ngcc__/fesm2015/core.js:3596:1)
</failure>
    <failure type="">Error: Expected undefined to be truthy.
    at &lt;Jasmine&gt;
    at UserContext.&lt;anonymous&gt; (src/app/feature/compra/components/borrar-compra/borrar-compra.component.spec.ts:23:23)
    at _ZoneDelegate.invoke (node_modules/zone.js/dist/zone-evergreen.js:372:1)
    at ProxyZoneSpec.push.QpwO.ProxyZoneSpec.onInvoke (node_modules/zone.js/dist/zone-testing.js:303:1)
</failure>
  </testcase>
  <testcase name="CrearCompraComponent should create" time="0.016" classname="CrearCompraComponent">
    <failure type="">NullInjectorError: R3InjectorError(DynamicTestModule)[CompraService -&gt; CompraService]: 
  NullInjectorError: No provider for CompraService!
error properties: Object({ ngTempTokenPath: null, ngTokenPath: [ 'CompraService', 'CompraService' ] })
NullInjectorError: R3InjectorError(DynamicTestModule)[CompraService -&gt; CompraService]: 
  NullInjectorError: No provider for CompraService!
    at NullInjector.get (node_modules/@angular/core/__ivy_ngcc__/fesm2015/core.js:11116:1)
    at R3Injector.get (node_modules/@angular/core/__ivy_ngcc__/fesm2015/core.js:11283:1)
    at R3Injector.get (node_modules/@angular/core/__ivy_ngcc__/fesm2015/core.js:11283:1)
    at NgModuleRef$1.get (node_modules/@angular/core/__ivy_ngcc__/fesm2015/core.js:25337:1)
    at Object.get (node_modules/@angular/core/__ivy_ngcc__/fesm2015/core.js:25051:1)
    at lookupTokenUsingModuleInjector (node_modules/@angular/core/__ivy_ngcc__/fesm2015/core.js:3389:1)
    at getOrCreateInjectable (node_modules/@angular/core/__ivy_ngcc__/fesm2015/core.js:3501:1)
    at ɵɵdirectiveInject (node_modules/@angular/core/__ivy_ngcc__/fesm2015/core.js:14707:1)
    at NodeInjectorFactory.CrearCompraComponent_Factory [as factory] (ng:///CrearCompraComponent/ɵfac.js:4:48)
    at getNodeInjectable (node_modules/@angular/core/__ivy_ngcc__/fesm2015/core.js:3596:1)
</failure>
    <failure type="">Error: Expected undefined to be truthy.
    at &lt;Jasmine&gt;
    at UserContext.&lt;anonymous&gt; (src/app/feature/compra/components/crear-compra/crear-compra.component.spec.ts:23:23)
    at _ZoneDelegate.invoke (node_modules/zone.js/dist/zone-evergreen.js:372:1)
    at ProxyZoneSpec.push.QpwO.ProxyZoneSpec.onInvoke (node_modules/zone.js/dist/zone-testing.js:303:1)
</failure>
  </testcase>
  <testcase name="CompraComponent should create" time="0.008" classname="CompraComponent"/>
  <testcase name="ErrorCamposPlantillaComponent should create" time="0.01" classname="ErrorCamposPlantillaComponent"/>
  <testcase name="ClienteService should be created" time="0.002" classname="ClienteService">
    <failure type="">NullInjectorError: R3InjectorError(CompilerModule)[ClienteService -&gt; ClienteService]: 
  NullInjectorError: No provider for ClienteService!
error properties: Object({ ngTempTokenPath: null, ngTokenPath: [ 'ClienteService', 'ClienteService' ] })
NullInjectorError: R3InjectorError(CompilerModule)[ClienteService -&gt; ClienteService]: 
  NullInjectorError: No provider for ClienteService!
    at NullInjector.get (node_modules/@angular/core/__ivy_ngcc__/fesm2015/core.js:11116:1)
    at R3Injector.get (node_modules/@angular/core/__ivy_ngcc__/fesm2015/core.js:11283:1)
    at R3Injector.get (node_modules/@angular/core/__ivy_ngcc__/fesm2015/core.js:11283:1)
    at NgModuleRef$1.get (node_modules/@angular/core/__ivy_ngcc__/fesm2015/core.js:25337:1)
    at TestBedRender3.inject (node_modules/@angular/core/__ivy_ngcc__/fesm2015/testing.js:1687:1)
    at Function.inject (node_modules/@angular/core/__ivy_ngcc__/fesm2015/testing.js:1611:1)
    at UserContext.&lt;anonymous&gt; (src/app/feature/cliente/shared/service/cliente.service.spec.ts:10:23)
    at _ZoneDelegate.invoke (node_modules/zone.js/dist/zone-evergreen.js:372:1)
    at ProxyZoneSpec.push.QpwO.ProxyZoneSpec.onInvoke (node_modules/zone.js/dist/zone-testing.js:303:1)
    at _ZoneDelegate.invoke (node_modules/zone.js/dist/zone-evergreen.js:371:1)
</failure>
    <failure type="">Error: Expected undefined to be truthy.
    at &lt;Jasmine&gt;
    at UserContext.&lt;anonymous&gt; (src/app/feature/cliente/shared/service/cliente.service.spec.ts:14:21)
    at _ZoneDelegate.invoke (node_modules/zone.js/dist/zone-evergreen.js:372:1)
    at ProxyZoneSpec.push.QpwO.ProxyZoneSpec.onInvoke (node_modules/zone.js/dist/zone-testing.js:303:1)
</failure>
  </testcase>
  <testcase name="SecurityGuard should ..." time="0.006" classname="SecurityGuard"/>
  <testcase name="BorrarClienteComponent should create" time="0.013" classname="BorrarClienteComponent">
    <failure type="">NullInjectorError: R3InjectorError(DynamicTestModule)[ClienteService -&gt; ClienteService]: 
  NullInjectorError: No provider for ClienteService!
error properties: Object({ ngTempTokenPath: null, ngTokenPath: [ 'ClienteService', 'ClienteService' ] })
NullInjectorError: R3InjectorError(DynamicTestModule)[ClienteService -&gt; ClienteService]: 
  NullInjectorError: No provider for ClienteService!
    at NullInjector.get (node_modules/@angular/core/__ivy_ngcc__/fesm2015/core.js:11116:1)
    at R3Injector.get (node_modules/@angular/core/__ivy_ngcc__/fesm2015/core.js:11283:1)
    at R3Injector.get (node_modules/@angular/core/__ivy_ngcc__/fesm2015/core.js:11283:1)
    at NgModuleRef$1.get (node_modules/@angular/core/__ivy_ngcc__/fesm2015/core.js:25337:1)
    at Object.get (node_modules/@angular/core/__ivy_ngcc__/fesm2015/core.js:25051:1)
    at lookupTokenUsingModuleInjector (node_modules/@angular/core/__ivy_ngcc__/fesm2015/core.js:3389:1)
    at getOrCreateInjectable (node_modules/@angular/core/__ivy_ngcc__/fesm2015/core.js:3501:1)
    at ɵɵdirectiveInject (node_modules/@angular/core/__ivy_ngcc__/fesm2015/core.js:14707:1)
    at NodeInjectorFactory.BorrarClienteComponent_Factory [as factory] (ng:///BorrarClienteComponent/ɵfac.js:4:50)
    at getNodeInjectable (node_modules/@angular/core/__ivy_ngcc__/fesm2015/core.js:3596:1)
</failure>
    <failure type="">Error: Expected undefined to be truthy.
    at &lt;Jasmine&gt;
    at UserContext.&lt;anonymous&gt; (src/app/feature/cliente/components/borrar-cliente/borrar-cliente.component.spec.ts:23:23)
    at _ZoneDelegate.invoke (node_modules/zone.js/dist/zone-evergreen.js:372:1)
    at ProxyZoneSpec.push.QpwO.ProxyZoneSpec.onInvoke (node_modules/zone.js/dist/zone-testing.js:303:1)
</failure>
  </testcase>
  <testcase name="ToolbarComponent should create" time="0.008" classname="ToolbarComponent"/>
  <testcase name="ClienteComponent should create" time="0.063" classname="ClienteComponent"/>
  <testcase name="ProductoService deberia eliminar un producto" time="0.006" classname="ProductoService"/>
  <testcase name="ProductoService deberia crear un producto" time="0.002" classname="ProductoService"/>
  <testcase name="ProductoService deberia listar productos" time="0.002" classname="ProductoService"/>
  <testcase name="ProductoService should be created" time="0.002" classname="ProductoService"/>
  <testcase name="ListarProductoComponent should create" time="0.05" classname="ListarProductoComponent"/>
  <system-out>
    <![CDATA[Chrome 100.0.4896.127 (Windows 10) ERROR
  Disconnected Client disconnected from CONNECTED state (transport close)
,Chrome 100.0.4896.127 (Windows 10) ERROR: 'NG0304: 'router-outlet' is not a known element:
1. If 'router-outlet' is an Angular component, then verify that it is part of this module.
2. If 'router-outlet' is a Web Component then add 'CUSTOM_ELEMENTS_SCHEMA' to the '@NgModule.schemas' of this component to suppress this message.'
,Chrome 100.0.4896.127 (Windows 10) ERROR: 'NG0304: 'router-outlet' is not a known element:
1. If 'router-outlet' is an Angular component, then verify that it is part of this module.
2. If 'router-outlet' is a Web Component then add 'CUSTOM_ELEMENTS_SCHEMA' to the '@NgModule.schemas' of this component to suppress this message.'

]]>
  </system-out>
  <system-err/>
</testsuite>