<?xml version="1.0"?>
<testsuite name="Chrome Headless 100.0.4896.127 (Windows 10)" package="" timestamp="2022-04-20T17:05:05" id="0" hostname="JAIRO-IBARRA" tests="23" errors="0" failures="0" time="0.636">
  <properties>
    <property name="browser.fullName" value="Mozilla/5.0 (Windows NT 10.0; Win64; x64) AppleWebKit/537.36 (KHTML, like Gecko) HeadlessChrome/100.0.4896.127 Safari/537.36"/>
  </properties>
  <testcase name="CrearCompraComponent should create" time="0.091" classname="CrearCompraComponent"/>
  <testcase name="CrearCompraComponent formulario es invalido cuando esta vacio" time="0.021" classname="CrearCompraComponent"/>
  <testcase name="CrearCompraComponent Registrando compra" time="0.017" classname="CrearCompraComponent"/>
  <testcase name="ClienteService should be created" time="0.008" classname="ClienteService"/>
  <testcase name="BorrarCompraComponent should create" time="0.03" classname="BorrarCompraComponent"/>
  <testcase name="BorrarCompraComponent should delete compra" time="0.038" classname="BorrarCompraComponent"/>
  <testcase name="ListarClienteComponent should create" time="0.031" classname="ListarClienteComponent"/>
  <testcase name="ListarCompraComponent should create" time="0.016" classname="ListarCompraComponent"/>
  <testcase name="CrearClienteComponent formulario es invalido cuando esta vacio" time="0.024" classname="CrearClienteComponent"/>
  <testcase name="CrearClienteComponent should create" time="0.017" classname="CrearClienteComponent"/>
  <testcase name="CrearClienteComponent Registrando cliente" time="0.026" classname="CrearClienteComponent"/>
  <testcase name="ErrorCamposPlantillaComponent should create" time="0.026" classname="ErrorCamposPlantillaComponent"/>
  <testcase name="BorrarClienteComponent should delete client" time="0.02" classname="BorrarClienteComponent"/>
  <testcase name="BorrarClienteComponent should create" time="0.006" classname="BorrarClienteComponent"/>
  <testcase name="CompraComponent should create" time="0.025" classname="CompraComponent"/>
  <testcase name="ClienteComponent should create" time="0.012" classname="ClienteComponent"/>
  <testcase name="CompraService should be created" time="0.003" classname="CompraService"/>
  <testcase name="ToolbarComponent should create" time="0.009" classname="ToolbarComponent"/>
  <testcase name="SecurityGuard should ..." time="0.01" classname="SecurityGuard"/>
  <testcase name="AppComponent should have as title 'app-base'" time="0.06" classname="AppComponent"/>
  <testcase name="AppComponent should create the app" time="0.024" classname="AppComponent"/>
  <testcase name="HomeComponent should create" time="0.088" classname="HomeComponent"/>
  <testcase name="NavbarComponent should create" time="0.034" classname="NavbarComponent"/>
  <system-out>
    <![CDATA[Chrome Headless 100.0.4896.127 (Windows 10) LOG: Object{precio: '200000', idCliente: '1', fechaCompra: '2022-04-20 12:05:05'}
,Chrome Headless 100.0.4896.127 (Windows 10) LOG: true
,Chrome Headless 100.0.4896.127 (Windows 10) LOG: true
,Chrome Headless 100.0.4896.127 (Windows 10) LOG: 1
,Chrome Headless 100.0.4896.127 (Windows 10) LOG: Observable{_isScalar: false, source: Observable{_isScalar: false, source: Observable{_isScalar: ..., source: ..., operator: ...}, operator: FilterOperator{predicate: ..., thisArg: ...}}, operator: MapOperator{project: (res) => res.body, thisArg: undefined}}
,Chrome Headless 100.0.4896.127 (Windows 10) LOG: Object{nombreCliente: 'Jairo', tipoCliente: '11', fechaCreacion: '2022-04-20 12:05:05'}
,Chrome Headless 100.0.4896.127 (Windows 10) LOG: true
,Chrome Headless 100.0.4896.127 (Windows 10) LOG: true
,Chrome Headless 100.0.4896.127 (Windows 10) ERROR: 'NG0304: 'router-outlet' is not a known element:
1. If 'router-outlet' is an Angular component, then verify that it is part of this module.
2. If 'router-outlet' is a Web Component then add 'CUSTOM_ELEMENTS_SCHEMA' to the '@NgModule.schemas' of this component to suppress this message.'
,Chrome Headless 100.0.4896.127 (Windows 10) ERROR: 'NG0304: 'router-outlet' is not a known element:
1. If 'router-outlet' is an Angular component, then verify that it is part of this module.
2. If 'router-outlet' is a Web Component then add 'CUSTOM_ELEMENTS_SCHEMA' to the '@NgModule.schemas' of this component to suppress this message.'

]]>
  </system-out>
  <system-err/>
</testsuite>